""	4
"&"	2
"(art)"	1
"(holland)"	1
"(infobase)"	1
"(vertical)"	1
"(world"	1
"-"	1
"32"	1
"95"	1
"about"	1
"access"	4
"action"	1
"activate"	1
"activex"	2
"advanced"	2
"advantage"	1
"advertising"	1
"affairs"	1
"africa"	2
"america"	2
"american"	1
"and"	2
"anti"	1
"argentina"	1
"australia"	1
"authorized"	1
"automap"	1
"autoroute"	1
"backoffice"	2
"base"	1
"basic"	2
"belgium"	1
"benelux"	1
"bit"	1
"bookshelf"	1
"brazil"	1
"builder"	2
"builder's"	1
"business"	1
"by"	1
"c"	2
"calendar"	1
"canada"	1
"caribbean"	1
"catalog"	1
"ce"	1
"center"	1
"central"	1
"channel"	1
"chef"	1
"chile"	1
"china"	1
"cinemainia"	1
"clip"	1
"colombia"	1
"community"	1
"competitive"	1
"complete"	1
"computing"	1
"conference"	2
"connecting"	1
"connectivity"	1
"connector"	1
"construction"	1
"consulting"	1
"content"	2
"control"	2
"controls"	1
"corporate"	3
"corporation"	1
"customer"	1
"customers"	1
"czech"	1
"data"	2
"days"	1
"db"	1
"denmark"	1
"desktop"	2
"developer"	11
"developers"	5
"developing"	1
"development"	14
"developr"	1
"districts"	1
"do"	1
"downloads"	1
"east"	1
"edition)"	1
"education"	4
"educational"	1
"encarta"	1
"end"	1
"essentials"	1
"europe"	1
"evaluation"	2
"excel"	4
"exchange"	3
"executive"	1
"explorer"	1
"family"	1
"feedback"	1
"financial"	3
"finland"	1
"for"	7
"fortran"	2
"forum"	1
"fox"	1
"foxpro"	1
"framework"	2
"france"	1
"free"	3
"from"	1
"frontpage"	2
"gallery"	2
"games"	3
"garden"	1
"germany"	1
"global"	1
"golf"	1
"group"	2
"guide"	2
"guides"	1
"hardware"	4
"higer"	1
"home"	3
"hong"	1
"hungary"	1
"ie"	2
"ie3"	1
"ie40"	1
"iis"	1
"imagecomposer"	1
"in"	4
"india"	1
"industry"	1
"info"	3
"information"	11
"institute"	1
"intellimouse"	1
"interactive"	2
"interdev"	1
"international"	2
"internet"	10
"intranet"	1
"ireland"	1
"isapi"	1
"israel"	1
"it"	3
"italy"	1
"j++"	1
"jakarta"	1
"java"	2
"javascript"	1
"job"	2
"k-12"	1
"kids"	2
"knowledge"	1
"kong"	1
"korea"	1
"language"	1
"latin"	1
"library"	1
"licenses"	1
"listings"	1
"live"	1
"logo"	1
"mac"	1
"macintosh"	1
"magazine"	2
"mail"	2
"management"	2
"manager"	1
"marketing"	2
"markets"	1
"markup"	1
"master"	2
"mastering"	1
"mdn"	1
"mdsn"	1
"media"	4
"membership"	1
"merchandise"	1
"merchant"	1
"message"	1
"mexico"	1
"microsoft"	13
"microsoft.com"	1
"middle"	1
"misc"	1
"money"	2
"ms"	45
"ms's"	1
"msdownload."	1
"mshome"	1
"multimedia"	1
"music"	2
"n."	1
"netherlands"	1
"netmeeting"	1
"netshow"	2
"network"	4
"new"	1
"news"	10
"newswire"	1
"north"	1
"norway"	1
"nt"	5
"objects"	1
"odbc"	1
"oem"	1
"of"	1
"office"	11
"offices"	2
"ole"	2
"online"	1
"only"	3
"open"	2
"openings"	1
"options"	1
"oss"	1
"outlook"	2
"pack"	1
"partner"	2
"peru"	1
"picture"	1
"piracy"	2
"poland"	1
"portugal"	1
"powered"	1
"powerpoint"	4
"pre-grads"	1
"press"	1
"pro"	1
"produced"	1
"producer"	1
"product"	2
"products"	2
"professional"	2
"program"	4
"programs"	1
"project"	3
"promo"	1
"providers"	2
"proxy"	1
"publisher"	2
"purchasing"	1
"queue"	1
"reality"	1
"reference"	2
"referral"	1
"region"	2
"regwiz"	1
"repository"	1
"republic"	1
"resources"	1
"russia"	1
"safe"	2
"sales"	1
"schedule+"	3
"script"	1
"search"	1
"security"	1
"security."	1
"series"	2
"server"	10
"service"	2
"services"	2
"sidewalk"	1
"sidewinder"	1
"site"	5
"sitebuilder"	2
"slovakia"	1
"slovenija"	1
"small"	1
"smsmgt"	1
"sna"	2
"softimage"	1
"softlib"	1
"solution"	1
"solutions"	2
"source"	2
"south"	1
"sp"	1
"spain"	1
"specs"	1
"sports"	1
"sql"	2
"standards"	1
"store"	1
"strategy"	2
"studio"	1
"stuff"	3
"support"	36
"supprt"	1
"sweden"	1
"switching"	1
"switzerland"	1
"systems"	1
"taiwan"	1
"teammanager"	1
"technet"	1
"technical"	2
"technologies"	1
"technology"	2
"test"	2
"testing"	1
"thailand"	1
"the"	1
"training"	2
"transaction"	1
"trial"	1
"turkey"	1
"tv"	1
"type"	1
"typography"	1
"uk"	1
"uruguay"	1
"us"	1
"usability"	1
"user"	2
"vba"	1
"vbscript"	1
"vbscripts"	1
"venezuela"	1
"view"	1
"virtual"	1
"visual"	12
"volume"	1
"web"	3
"wide"	2
"windows"	9
"windows95"	1
"wine"	1
"word"	4
"works"	2
"workshop"	3
"workstation"	2
"world"	1
"worldwide"	1
"yourself"	1
"zealand"	1
